<?xml version="1.0" encoding="UTF-8"?>
<!-- Generated by org.testng.reporters.JUnitXMLReporter -->
<testsuite ignored="1" hostname="TYSS-Sumanth-Chinivar" failures="0" tests="3" name="Test" time="15.91" errors="0" timestamp="2024-01-11T18:42:15 IST">
  <testcase classname="pen.Classmate" name="write" time="2.242"/>
  <testcase classname="pen.Parker" name="write" time="7.205"/>
  <testcase classname="pen.Waterman" name="write" time="6.377"/>
  <testcase classname="pen.Renlods" name="write" time="0.0">
    <ignored/>
  </testcase> <!-- write -->
</testsuite> <!-- Test -->
